----------------------------------------------------------------
Sat Jun 21 22:28:13 CEST 2014:
Booting Derby version The Apache Software Foundation - Apache Derby - 10.9.1.0 - (1344872): instance a816c00e-0146-c01d-72d4-00000a656c80 
on database directory /home/carsten/GridVisProjekte/gridvis/db  with class loader ModuleCL@2fbaeeb0[de.janitza.pasw.wrapper.connector.derby] 
Loaded from jar:file:/home/carsten/GridVis-install/wrapper/modules/ext/de.janitza.pasw.wrapper-connector-derby/org-apache-derby/derby.jar!/
java.vendor=Oracle Corporation
java.runtime.version=1.7.0_55-b14
user.dir=/home/carsten/GridVis-install/bin
derby.system.home=null
Database Class Loader started - derby.database.classpath=''
----------------------------------------------------------------
Sat Jun 21 22:29:59 CEST 2014:
Booting Derby version The Apache Software Foundation - Apache Derby - 10.9.1.0 - (1344872): instance 40348015-0146-c01d-72d4-00000a656c80 
on database directory /home/carsten/GridVisProjekte/test-neu/db  with class loader ModuleCL@2fbaeeb0[de.janitza.pasw.wrapper.connector.derby] 
Loaded from jar:file:/home/carsten/GridVis-install/wrapper/modules/ext/de.janitza.pasw.wrapper-connector-derby/org-apache-derby/derby.jar!/
java.vendor=Oracle Corporation
java.runtime.version=1.7.0_55-b14
user.dir=/home/carsten/GridVis-install/bin
derby.system.home=null
Database Class Loader started - derby.database.classpath=''
